<?xml version="1.0" encoding="UTF-8"?>
<!-- Generated by org.testng.reporters.JUnitXMLReporter -->
<testsuite hostname="DESKTOP-J5NUTTK" ignored="1" name="Default test" tests="1" failures="0" timestamp="10 May 2022 01:04:36 GMT" time="11.385" errors="0">
  <testcase name="verifyConformationAlertISOpened" time="1.159" classname="com.reresonance.regression.RegressionTests"/>
  <testcase name="verifyTitlOfHomepage" time="0.0" classname="com.reresonance.regression.RegressionTests">
    <ignored/>
  </testcase> <!-- verifyTitlOfHomepage -->
</testsuite> <!-- Default test -->
