<?xml version="1.0" encoding="UTF-8"?>
<testng-results skipped="0" failed="0" ignored="1" total="2" passed="1">
  <reporter-output>
  </reporter-output>
  <suite name="Default suite" duration-ms="11385" started-at="2022-05-10T01:04:25Z" finished-at="2022-05-10T01:04:36Z">
    <groups>
    </groups>
    <test name="Default test" duration-ms="11385" started-at="2022-05-10T01:04:25Z" finished-at="2022-05-10T01:04:36Z">
      <class name="com.reresonance.regression.RegressionTests">
        <test-method status="PASS" signature="setUp()[pri:0, instance:com.reresonance.regression.RegressionTests@1309333]" name="setUp" is-config="true" duration-ms="9232" started-at="2022-05-10T01:04:25Z" finished-at="2022-05-10T01:04:34Z">
          <reporter-output>
          </reporter-output>
        </test-method> <!-- setUp -->
        <test-method status="PASS" signature="verifyConformationAlertISOpened()[pri:0, instance:com.reresonance.regression.RegressionTests@1309333]" name="verifyConformationAlertISOpened" duration-ms="1159" started-at="2022-05-10T01:04:34Z" finished-at="2022-05-10T01:04:35Z">
          <reporter-output>
          </reporter-output>
        </test-method> <!-- verifyConformationAlertISOpened -->
        <test-method status="PASS" signature="tearDown()[pri:0, instance:com.reresonance.regression.RegressionTests@1309333]" name="tearDown" is-config="true" duration-ms="960" started-at="2022-05-10T01:04:35Z" finished-at="2022-05-10T01:04:36Z">
          <reporter-output>
          </reporter-output>
        </test-method> <!-- tearDown -->
      </class> <!-- com.reresonance.regression.RegressionTests -->
    </test> <!-- Default test -->
  </suite> <!-- Default suite -->
</testng-results>
